Using pre-set license
Built from '2020.2/staging' branch; Version is '2020.2.5f1 (e2c53f129de5) revision 14861631'; Using compiler version '192528614'; Build Type 'Release'
OS: 'Windows 10 Home Single Language; OS build 19043.1165; Version 2009; 64bit' Language: 'pt' Physical Memory: 8013 MB
BatchMode: 1, IsHumanControllingUs: 0, StartBugReporterOnCrash: 0, Is64bit: 1, IsPro: 0

 COMMAND LINE ARGUMENTS:
C:\Program Files\Unity\Hub\Editor\2020.2.5f1\Editor\Unity.exe
-adb2
-batchMode
-noUpm
-name
AssetImportWorker2
-projectPath
C:/Users/gabri/Documents/GitHub/projeto-3d-faj/projeto-3d-faj
-logFile
Logs/AssetImportWorker2.log
-srvPort
62632
Successfully changed project path to: C:/Users/gabri/Documents/GitHub/projeto-3d-faj/projeto-3d-faj
C:/Users/gabri/Documents/GitHub/projeto-3d-faj/projeto-3d-faj
Using Asset Import Pipeline V2.
Refreshing native plugins compatible for Editor in 205.63 ms, found 1 plugins.
Preloading 0 native plugins for Editor in 0.00 ms.
Initialize engine version: 2020.2.5f1 (e2c53f129de5)
[Subsystems] Discovering subsystems at path C:/Program Files/Unity/Hub/Editor/2020.2.5f1/Editor/Data/Resources/UnitySubsystems
[Subsystems] Discovering subsystems at path C:/Users/gabri/Documents/GitHub/projeto-3d-faj/projeto-3d-faj/Assets
GfxDevice: creating device client; threaded=0
Direct3D:
    Version:  Direct3D 11.0 [level 11.1]
    Renderer: Intel(R) UHD Graphics (ID=0x9b41)
    Vendor:   
    VRAM:     4006 MB
    Driver:   30.0.100.9805
Initialize mono
Mono path[0] = 'C:/Program Files/Unity/Hub/Editor/2020.2.5f1/Editor/Data/Managed'
Mono path[1] = 'C:/Program Files/Unity/Hub/Editor/2020.2.5f1/Editor/Data/MonoBleedingEdge/lib/mono/unityjit'
Mono config path = 'C:/Program Files/Unity/Hub/Editor/2020.2.5f1/Editor/Data/MonoBleedingEdge/etc'
Using monoOptions --debugger-agent=transport=dt_socket,embedding=1,server=y,suspend=n,address=127.0.0.1:56736
Begin MonoManager ReloadAssembly
Registering precompiled unity dll's ...
Register platform support module: C:/Program Files/Unity/Hub/Editor/2020.2.5f1/Editor/Data/PlaybackEngines/WindowsStandaloneSupport/UnityEditor.WindowsStandalone.Extensions.dll
Registered in 0.006631 seconds.
Native extension for WindowsStandalone target not found
Refreshing native plugins compatible for Editor in 218.44 ms, found 1 plugins.
Preloading 0 native plugins for Editor in 0.00 ms.
Invoked RoslynAnalysisRunner static constructor.
RoslynAnalysisRunner will not be running.
RoslynAnalysisRunner has terminated.
Mono: successfully reloaded assembly
- Completed reload, in  3.149 seconds
Platform modules already initialized, skipping
Registering precompiled user dll's ...
Registered in 0.011425 seconds.
Begin MonoManager ReloadAssembly
Native extension for WindowsStandalone target not found
Refreshing native plugins compatible for Editor in 0.64 ms, found 1 plugins.
Preloading 0 native plugins for Editor in 0.00 ms.
Invoked RoslynAnalysisRunner static constructor.
RoslynAnalysisRunner will not be running.
RoslynAnalysisRunner has terminated.
Mono: successfully reloaded assembly
- Completed reload, in  1.338 seconds
Platform modules already initialized, skipping
========================================================================
Worker process is ready to serve import requests
Launched and connected shader compiler UnityShaderCompiler.exe after 0.05 seconds
Refreshing native plugins compatible for Editor in 0.89 ms, found 1 plugins.
Preloading 0 native plugins for Editor in 0.00 ms.
Unloading 2678 Unused Serialized files (Serialized files now loaded: 0)
System memory in use before: 96.8 MB.
System memory in use after: 97.0 MB.

Unloading 14 unused Assets to reduce memory usage. Loaded Objects now: 3116.
Total: 2.617300 ms (FindLiveObjects: 0.341500 ms CreateObjectMapping: 0.176700 ms MarkObjects: 2.004800 ms  DeleteObjects: 0.092900 ms)

========================================================================
Received Import Request.
  path: Assets/Low Poly FPS Pack - Free (Sample)/How To Use - Low Poly FPS Pack - Free (Sample).pdf
  artifactKey: Guid(866e149fbd081014db96a90b9014d47c) Importer(815301076,1909f56bfc062723c751e8b465ee728b)
Start importing Assets/Low Poly FPS Pack - Free (Sample)/How To Use - Low Poly FPS Pack - Free (Sample).pdf using Guid(866e149fbd081014db96a90b9014d47c) Importer(815301076,1909f56bfc062723c751e8b465ee728b)  -> (artifact id: '0d7bf22cdad1b1b356588625706bdfb0') in 0.041388 seconds
  Import took 0.047711 seconds .

========================================================================
Received Import Request.
  Time since last request: 462.543857 seconds.
  path: Assets/Low Poly FPS Pack - Free (Sample)/Components/Audio
  artifactKey: Guid(8dd978777e431d1469232ac316786eee) Importer(815301076,1909f56bfc062723c751e8b465ee728b)
Start importing Assets/Low Poly FPS Pack - Free (Sample)/Components/Audio using Guid(8dd978777e431d1469232ac316786eee) Importer(815301076,1909f56bfc062723c751e8b465ee728b)  -> (artifact id: '39687210678988697fad18dc7e829494') in 0.041878 seconds
  Import took 0.062473 seconds .

========================================================================
Received Import Request.
  Time since last request: 4.113147 seconds.
  path: Assets/Low Poly FPS Pack - Free (Sample)/Components/Audio/Gun_Reloads
  artifactKey: Guid(667e8ceb684a5e942a143186e097e37d) Importer(815301076,1909f56bfc062723c751e8b465ee728b)
Start importing Assets/Low Poly FPS Pack - Free (Sample)/Components/Audio/Gun_Reloads using Guid(667e8ceb684a5e942a143186e097e37d) Importer(815301076,1909f56bfc062723c751e8b465ee728b)  -> (artifact id: '1a4f9f089291af05d11a70acecdfdb0f') in 0.033177 seconds
  Import took 0.051132 seconds .

========================================================================
Received Import Request.
  Time since last request: 2.590938 seconds.
  path: Assets/Low Poly FPS Pack - Free (Sample)/Components/Audio/Gun_Reloads/Assault_Rifle_01_Reloads/assault_rifle_01_reload_ammo_left.mp3
  artifactKey: Guid(f7ce534a0633b9847910ba117e2245d1) Importer(815301076,1909f56bfc062723c751e8b465ee728b)
Start importing Assets/Low Poly FPS Pack - Free (Sample)/Components/Audio/Gun_Reloads/Assault_Rifle_01_Reloads/assault_rifle_01_reload_ammo_left.mp3 using Guid(f7ce534a0633b9847910ba117e2245d1) Importer(815301076,1909f56bfc062723c751e8b465ee728b)  -> (artifact id: 'bc142f6b87f4e5e48c2b6b2af11e30c9') in 2.715727 seconds
  Import took 2.733928 seconds .

========================================================================
Received Import Request.
  Time since last request: 0.000842 seconds.
  path: Assets/Low Poly FPS Pack - Free (Sample)/Components/Audio/Gun_Reloads/Assault_Rifle_01_Reloads/assault_rifle_01_reload_out_of_ammo.mp3
  artifactKey: Guid(5b907074256e36d41b92e89fb0790633) Importer(815301076,1909f56bfc062723c751e8b465ee728b)
Start importing Assets/Low Poly FPS Pack - Free (Sample)/Components/Audio/Gun_Reloads/Assault_Rifle_01_Reloads/assault_rifle_01_reload_out_of_ammo.mp3 using Guid(5b907074256e36d41b92e89fb0790633) Importer(815301076,1909f56bfc062723c751e8b465ee728b)  -> (artifact id: '0362d8e90d3e6b69889ff437de7adec9') in 0.066751 seconds
  Import took 0.088091 seconds .

========================================================================
Received Import Request.
  Time since last request: 0.000893 seconds.
  path: Assets/Low Poly FPS Pack - Free (Sample)/Components/Audio/Gun_Reloads/Assault_Rifle_01_Reloads
  artifactKey: Guid(01aa34b21c4c10f40bf1f43135f90a34) Importer(815301076,1909f56bfc062723c751e8b465ee728b)
Start importing Assets/Low Poly FPS Pack - Free (Sample)/Components/Audio/Gun_Reloads/Assault_Rifle_01_Reloads using Guid(01aa34b21c4c10f40bf1f43135f90a34) Importer(815301076,1909f56bfc062723c751e8b465ee728b)  -> (artifact id: 'bf6d5b350375bacdcb0989eeb8ee143e') in 0.030693 seconds
  Import took 0.049451 seconds .

========================================================================
Received Import Request.
  Time since last request: 40.829774 seconds.
  path: Assets/Low Poly FPS Pack - Free (Sample)/Components/Audio/Aiming/aim_in.mp3
  artifactKey: Guid(acaebc89b98b82142bd2b24edb6081e4) Importer(815301076,1909f56bfc062723c751e8b465ee728b)
Start importing Assets/Low Poly FPS Pack - Free (Sample)/Components/Audio/Aiming/aim_in.mp3 using Guid(acaebc89b98b82142bd2b24edb6081e4) Importer(815301076,1909f56bfc062723c751e8b465ee728b)  -> (artifact id: 'fdb9b046752392632685378e9243eb47') in 0.062483 seconds
  Import took 0.079122 seconds .

========================================================================
Received Import Request.
  Time since last request: 11.837596 seconds.
  path: Assets/Low Poly FPS Pack - Free (Sample)/Components/Audio/Casings_&_Shells/casing-sound-1.wav
  artifactKey: Guid(39a52c8570aa5ee4b8c76570a3eda151) Importer(815301076,1909f56bfc062723c751e8b465ee728b)
Start importing Assets/Low Poly FPS Pack - Free (Sample)/Components/Audio/Casings_&_Shells/casing-sound-1.wav using Guid(39a52c8570aa5ee4b8c76570a3eda151) Importer(815301076,1909f56bfc062723c751e8b465ee728b)  -> (artifact id: 'e035b66807ed89924f207405c8f7dc58') in 0.068635 seconds
  Import took 0.084514 seconds .

========================================================================
Received Import Request.
  Time since last request: 0.000796 seconds.
  path: Assets/Low Poly FPS Pack - Free (Sample)/Components/Audio/Casings_&_Shells/casing-sound-3.wav
  artifactKey: Guid(031057f31153d6e4da071a851d29e9e2) Importer(815301076,1909f56bfc062723c751e8b465ee728b)
Start importing Assets/Low Poly FPS Pack - Free (Sample)/Components/Audio/Casings_&_Shells/casing-sound-3.wav using Guid(031057f31153d6e4da071a851d29e9e2) Importer(815301076,1909f56bfc062723c751e8b465ee728b)  -> (artifact id: '82074fce07bae831d47fbe4f8ed9fb84') in 0.057002 seconds
  Import took 0.072450 seconds .

========================================================================
Received Import Request.
  Time since last request: 0.000816 seconds.
  path: Assets/Low Poly FPS Pack - Free (Sample)/Components/Audio/Casings_&_Shells/casing-sound-4.wav
  artifactKey: Guid(13f0d2cf3fe7b1744ada35cb7c1e1a4b) Importer(815301076,1909f56bfc062723c751e8b465ee728b)
Start importing Assets/Low Poly FPS Pack - Free (Sample)/Components/Audio/Casings_&_Shells/casing-sound-4.wav using Guid(13f0d2cf3fe7b1744ada35cb7c1e1a4b) Importer(815301076,1909f56bfc062723c751e8b465ee728b)  -> (artifact id: '287dd8eca837bf9456237baa45b827fb') in 0.056889 seconds
  Import took 0.073466 seconds .

========================================================================
Received Import Request.
  Time since last request: 0.000830 seconds.
  path: Assets/Low Poly FPS Pack - Free (Sample)/Components/Audio/Casings_&_Shells/casing-sound-2.wav
  artifactKey: Guid(a422bb42207b84543bfa921cf5ad09d2) Importer(815301076,1909f56bfc062723c751e8b465ee728b)
Start importing Assets/Low Poly FPS Pack - Free (Sample)/Components/Audio/Casings_&_Shells/casing-sound-2.wav using Guid(a422bb42207b84543bfa921cf5ad09d2) Importer(815301076,1909f56bfc062723c751e8b465ee728b)  -> (artifact id: '0b70cc995c05850c5996b3d0663bb974') in 0.058251 seconds
  Import took 0.074178 seconds .

========================================================================
Received Import Request.
  Time since last request: 0.000789 seconds.
  path: Assets/Low Poly FPS Pack - Free (Sample)/Components/Audio/Casings_&_Shells/casing-sound-5.wav
  artifactKey: Guid(3f8b82312021c504f8a6212dddba71f3) Importer(815301076,1909f56bfc062723c751e8b465ee728b)
Start importing Assets/Low Poly FPS Pack - Free (Sample)/Components/Audio/Casings_&_Shells/casing-sound-5.wav using Guid(3f8b82312021c504f8a6212dddba71f3) Importer(815301076,1909f56bfc062723c751e8b465ee728b)  -> (artifact id: '51e085a9c81efc30176dcb92387500fa') in 0.059324 seconds
  Import took 0.076916 seconds .

========================================================================
Received Import Request.
  Time since last request: 10.121862 seconds.
  path: Assets/Low Poly FPS Pack - Free (Sample)/Components/Audio/Explosions/explosion-1.wav
  artifactKey: Guid(dd0264e11df5d694fbe924abc3e80301) Importer(815301076,1909f56bfc062723c751e8b465ee728b)
Start importing Assets/Low Poly FPS Pack - Free (Sample)/Components/Audio/Explosions/explosion-1.wav using Guid(dd0264e11df5d694fbe924abc3e80301) Importer(815301076,1909f56bfc062723c751e8b465ee728b)  -> (artifact id: '7ee7132a729aca958bacdf973c85398f') in 0.058440 seconds
  Import took 0.076978 seconds .

========================================================================
Received Import Request.
  Time since last request: 0.000809 seconds.
  path: Assets/Low Poly FPS Pack - Free (Sample)/Components/Audio/Explosions/explosion-2.wav
  artifactKey: Guid(ca80aad89fdc47a4b91e62a663ebd1f0) Importer(815301076,1909f56bfc062723c751e8b465ee728b)
Start importing Assets/Low Poly FPS Pack - Free (Sample)/Components/Audio/Explosions/explosion-2.wav using Guid(ca80aad89fdc47a4b91e62a663ebd1f0) Importer(815301076,1909f56bfc062723c751e8b465ee728b)  -> (artifact id: 'fb5e401da5f5e17503b1a091b12b3c25') in 0.065589 seconds
  Import took 0.084585 seconds .

========================================================================
Received Import Request.
  Time since last request: 0.000793 seconds.
  path: Assets/Low Poly FPS Pack - Free (Sample)/Components/Audio/Explosions/explosion-6.wav
  artifactKey: Guid(37a8c4b99174fa742938356c88331c14) Importer(815301076,1909f56bfc062723c751e8b465ee728b)
Start importing Assets/Low Poly FPS Pack - Free (Sample)/Components/Audio/Explosions/explosion-6.wav using Guid(37a8c4b99174fa742938356c88331c14) Importer(815301076,1909f56bfc062723c751e8b465ee728b)  -> (artifact id: '3e4a9ac885bfe46e060842a8fd4252ab') in 0.056992 seconds
  Import took 0.072403 seconds .

========================================================================
Received Import Request.
  Time since last request: 0.000742 seconds.
  path: Assets/Low Poly FPS Pack - Free (Sample)/Components/Audio/Explosions/explosion-4.wav
  artifactKey: Guid(2cc6c6aebec9fd343aab9a4451b7e5e8) Importer(815301076,1909f56bfc062723c751e8b465ee728b)
Start importing Assets/Low Poly FPS Pack - Free (Sample)/Components/Audio/Explosions/explosion-4.wav using Guid(2cc6c6aebec9fd343aab9a4451b7e5e8) Importer(815301076,1909f56bfc062723c751e8b465ee728b)  -> (artifact id: 'a42465f5537c657ae326ddf580ccfb16') in 0.061932 seconds
  Import took 0.079060 seconds .

========================================================================
Received Import Request.
  Time since last request: 0.000704 seconds.
  path: Assets/Low Poly FPS Pack - Free (Sample)/Components/Audio/Explosions/explosion-3.wav
  artifactKey: Guid(0579dc5d712b04b4291909f2dd3fd64e) Importer(815301076,1909f56bfc062723c751e8b465ee728b)
Start importing Assets/Low Poly FPS Pack - Free (Sample)/Components/Audio/Explosions/explosion-3.wav using Guid(0579dc5d712b04b4291909f2dd3fd64e) Importer(815301076,1909f56bfc062723c751e8b465ee728b)  -> (artifact id: '1d0ca6e4e88648dda31427e286445d03') in 0.056331 seconds
  Import took 0.071638 seconds .

========================================================================
Received Import Request.
  Time since last request: 0.000892 seconds.
  path: Assets/Low Poly FPS Pack - Free (Sample)/Components/Audio/Explosions/explosion-5.wav
  artifactKey: Guid(f51e493a8b9df094b868413e03a7d0e1) Importer(815301076,1909f56bfc062723c751e8b465ee728b)
Start importing Assets/Low Poly FPS Pack - Free (Sample)/Components/Audio/Explosions/explosion-5.wav using Guid(f51e493a8b9df094b868413e03a7d0e1) Importer(815301076,1909f56bfc062723c751e8b465ee728b)  -> (artifact id: 'cfd7a8530ad26b0b8d8a69817602db19') in 0.058180 seconds
  Import took 0.075003 seconds .

========================================================================
Received Import Request.
  Time since last request: 36.631355 seconds.
  path: Assets/Low Poly FPS Pack - Free (Sample)/Components/Audio/Gun_Reloads/Handgun_01-04_Reloads/handgun_01-04_reload_ammo_left.mp3
  artifactKey: Guid(b0d51244fd32fc647960320540b32f66) Importer(815301076,1909f56bfc062723c751e8b465ee728b)
Start importing Assets/Low Poly FPS Pack - Free (Sample)/Components/Audio/Gun_Reloads/Handgun_01-04_Reloads/handgun_01-04_reload_ammo_left.mp3 using Guid(b0d51244fd32fc647960320540b32f66) Importer(815301076,1909f56bfc062723c751e8b465ee728b)  -> (artifact id: 'a2aa78d12424c29557ec07a9ab492b39') in 0.056919 seconds
  Import took 0.072610 seconds .

========================================================================
Received Import Request.
  Time since last request: 0.000770 seconds.
  path: Assets/Low Poly FPS Pack - Free (Sample)/Components/Audio/Gun_Reloads/Handgun_01-04_Reloads/handgun_01-04_reload_out_of_ammo.mp3
  artifactKey: Guid(fee3a21f251a4914cabce25b13e7d2a8) Importer(815301076,1909f56bfc062723c751e8b465ee728b)
Start importing Assets/Low Poly FPS Pack - Free (Sample)/Components/Audio/Gun_Reloads/Handgun_01-04_Reloads/handgun_01-04_reload_out_of_ammo.mp3 using Guid(fee3a21f251a4914cabce25b13e7d2a8) Importer(815301076,1909f56bfc062723c751e8b465ee728b)  -> (artifact id: '6e668b6791bf93057c17525b069248bb') in 0.059902 seconds
  Import took 0.076020 seconds .

========================================================================
Received Import Request.
  Time since last request: 24.113587 seconds.
  path: Assets/Low Poly FPS Pack - Free (Sample)/Components/Audio/Impacts/impact-1.wav
  artifactKey: Guid(fceb333e433c97e4497267e3c3a508c3) Importer(815301076,1909f56bfc062723c751e8b465ee728b)
Start importing Assets/Low Poly FPS Pack - Free (Sample)/Components/Audio/Impacts/impact-1.wav using Guid(fceb333e433c97e4497267e3c3a508c3) Importer(815301076,1909f56bfc062723c751e8b465ee728b)  -> (artifact id: 'c6031f4c483f444f2b563e1c5d3c3b4e') in 0.062835 seconds
  Import took 0.078906 seconds .

========================================================================
Received Import Request.
  Time since last request: 0.000876 seconds.
  path: Assets/Low Poly FPS Pack - Free (Sample)/Components/Audio/Impacts/thud.wav
  artifactKey: Guid(89b4957f2e6ee4740adfdccd422b9262) Importer(815301076,1909f56bfc062723c751e8b465ee728b)
Start importing Assets/Low Poly FPS Pack - Free (Sample)/Components/Audio/Impacts/thud.wav using Guid(89b4957f2e6ee4740adfdccd422b9262) Importer(815301076,1909f56bfc062723c751e8b465ee728b)  -> (artifact id: 'ba2778a2f8bfcc5fe7cb4322c8f72a74') in 0.058703 seconds
  Import took 0.077230 seconds .

========================================================================
Received Import Request.
  Time since last request: 0.000884 seconds.
  path: Assets/Low Poly FPS Pack - Free (Sample)/Components/Audio/Impacts/impact-3.wav
  artifactKey: Guid(091908a06d0b56143aaf6d3913444ab7) Importer(815301076,1909f56bfc062723c751e8b465ee728b)
Start importing Assets/Low Poly FPS Pack - Free (Sample)/Components/Audio/Impacts/impact-3.wav using Guid(091908a06d0b56143aaf6d3913444ab7) Importer(815301076,1909f56bfc062723c751e8b465ee728b)  -> (artifact id: '836ad8e75878fbf2ab9e82962f874ace') in 0.055751 seconds
  Import took 0.073878 seconds .

========================================================================
Received Import Request.
  Time since last request: 0.000809 seconds.
  path: Assets/Low Poly FPS Pack - Free (Sample)/Components/Audio/Impacts/impact-2.wav
  artifactKey: Guid(f49b461f95e0def45b1ad2a5a350e574) Importer(815301076,1909f56bfc062723c751e8b465ee728b)
Start importing Assets/Low Poly FPS Pack - Free (Sample)/Components/Audio/Impacts/impact-2.wav using Guid(f49b461f95e0def45b1ad2a5a350e574) Importer(815301076,1909f56bfc062723c751e8b465ee728b)  -> (artifact id: 'b32b0879d09559fa7b3304d018b329b6') in 0.057057 seconds
  Import took 0.074910 seconds .

========================================================================
Received Import Request.
  Time since last request: 0.000755 seconds.
  path: Assets/Low Poly FPS Pack - Free (Sample)/Components/Audio/Impacts/impact-4.wav
  artifactKey: Guid(fd208dd7a0eafc84f82ad5fde72ab8fc) Importer(815301076,1909f56bfc062723c751e8b465ee728b)
Start importing Assets/Low Poly FPS Pack - Free (Sample)/Components/Audio/Impacts/impact-4.wav using Guid(fd208dd7a0eafc84f82ad5fde72ab8fc) Importer(815301076,1909f56bfc062723c751e8b465ee728b)  -> (artifact id: 'f96c2d4524698023b30a50ba2af53ea5') in 0.054418 seconds
  Import took 0.071718 seconds .

========================================================================
Received Import Request.
  Time since last request: 8.579722 seconds.
  path: Assets/Low Poly FPS Pack - Free (Sample)/Components/Audio/Misc/holster_weapon.mp3
  artifactKey: Guid(33a4a9bf1a1dbca4cb379a1118c6b20d) Importer(815301076,1909f56bfc062723c751e8b465ee728b)
Start importing Assets/Low Poly FPS Pack - Free (Sample)/Components/Audio/Misc/holster_weapon.mp3 using Guid(33a4a9bf1a1dbca4cb379a1118c6b20d) Importer(815301076,1909f56bfc062723c751e8b465ee728b)  -> (artifact id: 'ad324e7d02a53211b721e4e1a71cdaf7') in 0.055838 seconds
  Import took 0.071843 seconds .

========================================================================
Received Import Request.
  Time since last request: 0.000823 seconds.
  path: Assets/Low Poly FPS Pack - Free (Sample)/Components/Audio/Misc/take_out_weapon.mp3
  artifactKey: Guid(2ae41e984ff1f3e4a840a1a46b6a8816) Importer(815301076,1909f56bfc062723c751e8b465ee728b)
Start importing Assets/Low Poly FPS Pack - Free (Sample)/Components/Audio/Misc/take_out_weapon.mp3 using Guid(2ae41e984ff1f3e4a840a1a46b6a8816) Importer(815301076,1909f56bfc062723c751e8b465ee728b)  -> (artifact id: '70fb64b46f6b6a844f8cda0915583272') in 0.061977 seconds
  Import took 0.079598 seconds .

========================================================================
Received Import Request.
  Time since last request: 0.000780 seconds.
  path: Assets/Low Poly FPS Pack - Free (Sample)/Components/Audio/Misc/target-go-up.wav
  artifactKey: Guid(83ed69ca21a297b4ab15a1e89abd4e4b) Importer(815301076,1909f56bfc062723c751e8b465ee728b)
Start importing Assets/Low Poly FPS Pack - Free (Sample)/Components/Audio/Misc/target-go-up.wav using Guid(83ed69ca21a297b4ab15a1e89abd4e4b) Importer(815301076,1909f56bfc062723c751e8b465ee728b)  -> (artifact id: '72e6ab49aaffb99a5479936f8b486a8c') in 0.033035 seconds
  Import took 0.045204 seconds .

========================================================================
Received Import Request.
  Time since last request: 0.000460 seconds.
  path: Assets/Low Poly FPS Pack - Free (Sample)/Components/Audio/Misc/target-go-down.wav
  artifactKey: Guid(0a3d74157d2f1714894e1358632773c8) Importer(815301076,1909f56bfc062723c751e8b465ee728b)
Start importing Assets/Low Poly FPS Pack - Free (Sample)/Components/Audio/Misc/target-go-down.wav using Guid(0a3d74157d2f1714894e1358632773c8) Importer(815301076,1909f56bfc062723c751e8b465ee728b)  -> (artifact id: '1f5f66af4a3e17a3259c353e251fd3db') in 0.027530 seconds
  Import took 0.035928 seconds .

========================================================================
Received Import Request.
  Time since last request: 9.662362 seconds.
  path: Assets/Low Poly FPS Pack - Free (Sample)/Components/Audio/Movement/running_loop.wav
  artifactKey: Guid(0c58744c3b6fdd844b8348066c3f703e) Importer(815301076,1909f56bfc062723c751e8b465ee728b)
Start importing Assets/Low Poly FPS Pack - Free (Sample)/Components/Audio/Movement/running_loop.wav using Guid(0c58744c3b6fdd844b8348066c3f703e) Importer(815301076,1909f56bfc062723c751e8b465ee728b)  -> (artifact id: '0930f7c9fc15c865ccc481614dcec3fa') in 0.056529 seconds
  Import took 0.072962 seconds .

========================================================================
Received Import Request.
  Time since last request: 0.000721 seconds.
  path: Assets/Low Poly FPS Pack - Free (Sample)/Components/Audio/Movement/walking_loop.wav
  artifactKey: Guid(6597a368cd74a924eaedb0171d5b28d3) Importer(815301076,1909f56bfc062723c751e8b465ee728b)
Start importing Assets/Low Poly FPS Pack - Free (Sample)/Components/Audio/Movement/walking_loop.wav using Guid(6597a368cd74a924eaedb0171d5b28d3) Importer(815301076,1909f56bfc062723c751e8b465ee728b)  -> (artifact id: '274a88116bef48ffaec16ca7e9cfe4bd') in 0.055644 seconds
  Import took 0.070856 seconds .

========================================================================
Received Import Request.
  Time since last request: 12.071603 seconds.
  path: Assets/Low Poly FPS Pack - Free (Sample)/Components/Audio/Shoot/shoot.wav
  artifactKey: Guid(38b450e2adcb6f542acc8c1d423bd8dc) Importer(815301076,1909f56bfc062723c751e8b465ee728b)
Start importing Assets/Low Poly FPS Pack - Free (Sample)/Components/Audio/Shoot/shoot.wav using Guid(38b450e2adcb6f542acc8c1d423bd8dc) Importer(815301076,1909f56bfc062723c751e8b465ee728b)  -> (artifact id: '4b27cd927527698feafbe059ed69eee6') in 0.057931 seconds
  Import took 0.075497 seconds .

========================================================================
Received Import Request.
  Time since last request: 60.653961 seconds.
  path: Assets/LowPolyDungeonsLite/Materials/LowPolyDungeonsLite_BG.mat
  artifactKey: Guid(64ba6c72e3ef1e549a99ffb902487f11) Importer(815301076,1909f56bfc062723c751e8b465ee728b)
Start importing Assets/LowPolyDungeonsLite/Materials/LowPolyDungeonsLite_BG.mat using Guid(64ba6c72e3ef1e549a99ffb902487f11) Importer(815301076,1909f56bfc062723c751e8b465ee728b)  -> (artifact id: 'a3ff7c713577e0d31014ee472285503f') in 3.199669 seconds
  Import took 3.217506 seconds .

========================================================================
Received Import Request.
  Time since last request: 0.000821 seconds.
  path: Assets/LowPolyDungeonsLite/Models/Pot_01.fbx
  artifactKey: Guid(ea68aa111adc3264f9968657e12cc86a) Importer(815301076,1909f56bfc062723c751e8b465ee728b)
Start importing Assets/LowPolyDungeonsLite/Models/Pot_01.fbx using Guid(ea68aa111adc3264f9968657e12cc86a) Importer(815301076,1909f56bfc062723c751e8b465ee728b)  -> (artifact id: 'f38da6b549dd94f0be18b1196fac3bca') in 1.216077 seconds
  Import took 1.228404 seconds .

========================================================================
Received Import Request.
  Time since last request: 0.000500 seconds.
  path: Assets/LowPolyDungeonsLite/Models/Box_02.fbx
  artifactKey: Guid(8257fe5fd024e1640b84edb679463fd9) Importer(815301076,1909f56bfc062723c751e8b465ee728b)
Start importing Assets/LowPolyDungeonsLite/Models/Box_02.fbx using Guid(8257fe5fd024e1640b84edb679463fd9) Importer(815301076,1909f56bfc062723c751e8b465ee728b)  -> (artifact id: '3d6edc9bc7fb0740c466c9350304b220') in 0.043341 seconds
  Import took 0.052031 seconds .

========================================================================
Received Import Request.
  Time since last request: 0.000473 seconds.
  path: Assets/LowPolyDungeonsLite/Prefabs/Particles_Pot.prefab
  artifactKey: Guid(c0e095fcea4ab9d41bfa1cf75a32235c) Importer(815301076,1909f56bfc062723c751e8b465ee728b)
Start importing Assets/LowPolyDungeonsLite/Prefabs/Particles_Pot.prefab using Guid(c0e095fcea4ab9d41bfa1cf75a32235c) Importer(815301076,1909f56bfc062723c751e8b465ee728b)  -> (artifact id: 'cea548cab97232b4e41c361235947e50') in 0.035889 seconds
  Import took 0.046820 seconds .

========================================================================
Received Import Request.
  Time since last request: 0.000505 seconds.
  path: Assets/LowPolyDungeonsLite/Prefabs/WallDecor_05.prefab
  artifactKey: Guid(725d9061657be724facf6fda9fe05b4f) Importer(815301076,1909f56bfc062723c751e8b465ee728b)
Start importing Assets/LowPolyDungeonsLite/Prefabs/WallDecor_05.prefab using Guid(725d9061657be724facf6fda9fe05b4f) Importer(815301076,1909f56bfc062723c751e8b465ee728b)  -> (artifact id: '2a19790105b374f82b54c2c789dab5a7') in 0.045171 seconds
  Import took 0.054800 seconds .

========================================================================
Received Import Request.
  Time since last request: 0.000515 seconds.
  path: Assets/LowPolyDungeonsLite/Prefabs/Candle_01.prefab
  artifactKey: Guid(c79d59d66358e0f45a098f4b8a82f8be) Importer(815301076,1909f56bfc062723c751e8b465ee728b)
Start importing Assets/LowPolyDungeonsLite/Prefabs/Candle_01.prefab using Guid(c79d59d66358e0f45a098f4b8a82f8be) Importer(815301076,1909f56bfc062723c751e8b465ee728b)  -> (artifact id: '7794a51d1db7ebcc008a54639acdc193') in 0.036228 seconds
  Import took 0.046106 seconds .

========================================================================
Received Import Request.
  Time since last request: 0.000474 seconds.
  path: Assets/LowPolyDungeonsLite/Prefabs/Ground_03.prefab
  artifactKey: Guid(fd2de4bd876f4ac4980370e624362931) Importer(815301076,1909f56bfc062723c751e8b465ee728b)
Start importing Assets/LowPolyDungeonsLite/Prefabs/Ground_03.prefab using Guid(fd2de4bd876f4ac4980370e624362931) Importer(815301076,1909f56bfc062723c751e8b465ee728b)  -> (artifact id: 'f4b9092d2efd19f69dd628c08abf31a4') in 0.039555 seconds
  Import took 0.049171 seconds .

========================================================================
Received Import Request.
  Time since last request: 0.000462 seconds.
  path: Assets/LowPolyDungeonsLite/Prefabs/Pot_01.prefab
  artifactKey: Guid(616fdaa7dbff40e4f91c695be15f9f4f) Importer(815301076,1909f56bfc062723c751e8b465ee728b)
Start importing Assets/LowPolyDungeonsLite/Prefabs/Pot_01.prefab using Guid(616fdaa7dbff40e4f91c695be15f9f4f) Importer(815301076,1909f56bfc062723c751e8b465ee728b)  -> (artifact id: '698e6023151fa2916beca691f258206d') in 0.038573 seconds
  Import took 0.049874 seconds .

========================================================================
Received Import Request.
  Time since last request: 0.000497 seconds.
  path: Assets/LowPolyDungeonsLite/Prefabs/Wood_02.prefab
  artifactKey: Guid(5062c1312f2beb14694d90a058d444e4) Importer(815301076,1909f56bfc062723c751e8b465ee728b)
Start importing Assets/LowPolyDungeonsLite/Prefabs/Wood_02.prefab using Guid(5062c1312f2beb14694d90a058d444e4) Importer(815301076,1909f56bfc062723c751e8b465ee728b)  -> (artifact id: '44f8bddefa5eec1c969a09a4c7a6a3c9') in 0.044504 seconds
  Import took 0.056278 seconds .

========================================================================
Received Import Request.
  Time since last request: 0.000445 seconds.
  path: Assets/LowPolyDungeonsLite/Prefabs/Light_08.prefab
  artifactKey: Guid(5fbfbee0f9885764383291c4c5e18668) Importer(815301076,1909f56bfc062723c751e8b465ee728b)
Start importing Assets/LowPolyDungeonsLite/Prefabs/Light_08.prefab using Guid(5fbfbee0f9885764383291c4c5e18668) Importer(815301076,1909f56bfc062723c751e8b465ee728b)  -> (artifact id: '752b641fab9fab815a74df7d1e1c1fd4') in 1.408079 seconds
  Import took 1.422181 seconds .

========================================================================
Received Import Request.
  Time since last request: 0.000864 seconds.
  path: Assets/LowPolyDungeonsLite/Models/Ground_01.fbx
  artifactKey: Guid(542f964f9d702f74d949482dfe0e0e8f) Importer(815301076,1909f56bfc062723c751e8b465ee728b)
Start importing Assets/LowPolyDungeonsLite/Models/Ground_01.fbx using Guid(542f964f9d702f74d949482dfe0e0e8f) Importer(815301076,1909f56bfc062723c751e8b465ee728b)  -> (artifact id: '668bbe529bbdd7df51d4068fdc59272b') in 0.072750 seconds
  Import took 0.089186 seconds .

========================================================================
Received Import Request.
  Time since last request: 0.000728 seconds.
  path: Assets/LowPolyDungeonsLite/Prefabs/Bottle_05.prefab
  artifactKey: Guid(0c837400ef1130c4196d20ee30637d9c) Importer(815301076,1909f56bfc062723c751e8b465ee728b)
Start importing Assets/LowPolyDungeonsLite/Prefabs/Bottle_05.prefab using Guid(0c837400ef1130c4196d20ee30637d9c) Importer(815301076,1909f56bfc062723c751e8b465ee728b)  -> (artifact id: 'd22ab27b64ac0058400a9fe5d524e73d') in 0.067380 seconds
  Import took 0.084688 seconds .

========================================================================
Received Import Request.
  Time since last request: 0.000739 seconds.
  path: Assets/LowPolyDungeonsLite/Models/Mud_04.fbx
  artifactKey: Guid(5fc50f02975300c4fbb07bf974b4815b) Importer(815301076,1909f56bfc062723c751e8b465ee728b)
Start importing Assets/LowPolyDungeonsLite/Models/Mud_04.fbx using Guid(5fc50f02975300c4fbb07bf974b4815b) Importer(815301076,1909f56bfc062723c751e8b465ee728b)  -> (artifact id: '3f9b2103371a91a49abf39f17fb53d40') in 0.072659 seconds
  Import took 0.089068 seconds .

========================================================================
Received Import Request.
  Time since last request: 0.000807 seconds.
  path: Assets/LowPolyDungeonsLite/Materials/LowPolyDungeonsLite_MAIN.mat
  artifactKey: Guid(18f63ff904099034daf971dac5b32582) Importer(815301076,1909f56bfc062723c751e8b465ee728b)
Start importing Assets/LowPolyDungeonsLite/Materials/LowPolyDungeonsLite_MAIN.mat using Guid(18f63ff904099034daf971dac5b32582) Importer(815301076,1909f56bfc062723c751e8b465ee728b)  -> (artifact id: 'd3850a8cf7ddcda308ad745dbd7e6bea') in 0.062681 seconds
  Import took 0.078444 seconds .

========================================================================
Received Import Request.
  Time since last request: 0.000739 seconds.
  path: Assets/LowPolyDungeonsLite/Models/Book_09.fbx
  artifactKey: Guid(dd85c4003e86ea24b9d5486aa770f3a2) Importer(815301076,1909f56bfc062723c751e8b465ee728b)
Start importing Assets/LowPolyDungeonsLite/Models/Book_09.fbx using Guid(dd85c4003e86ea24b9d5486aa770f3a2) Importer(815301076,1909f56bfc062723c751e8b465ee728b)  -> (artifact id: 'b271bc9992d53538495190ffd1846207') in 0.072727 seconds
  Import took 0.088649 seconds .

========================================================================
Received Import Request.
  Time since last request: 0.000840 seconds.
  path: Assets/LowPolyDungeonsLite/Prefabs/Particles_Dust.prefab
  artifactKey: Guid(ce9b38f12fedb194d8b4177a9d4a66d7) Importer(815301076,1909f56bfc062723c751e8b465ee728b)
Start importing Assets/LowPolyDungeonsLite/Prefabs/Particles_Dust.prefab using Guid(ce9b38f12fedb194d8b4177a9d4a66d7) Importer(815301076,1909f56bfc062723c751e8b465ee728b)  -> (artifact id: 'fd924808335ca5aaeaf964e91b1b0368') in 0.037678 seconds
  Import took 0.053759 seconds .

========================================================================
Received Import Request.
  Time since last request: 0.000826 seconds.
  path: Assets/LowPolyDungeonsLite/Models/Bottle_05.fbx
  artifactKey: Guid(1f3ab9073fa6aed4bbec9d3a54b89a27) Importer(815301076,1909f56bfc062723c751e8b465ee728b)
Start importing Assets/LowPolyDungeonsLite/Models/Bottle_05.fbx using Guid(1f3ab9073fa6aed4bbec9d3a54b89a27) Importer(815301076,1909f56bfc062723c751e8b465ee728b)  -> (artifact id: 'bbe46e09ac87128c1939d6c570651683') in 0.064149 seconds
  Import took 0.082989 seconds .

========================================================================
Received Import Request.
  Time since last request: 0.000938 seconds.
  path: Assets/LowPolyDungeonsLite/Models/Candle_01.fbx
  artifactKey: Guid(0e94f8f9621dc254ca920f620b8e454e) Importer(815301076,1909f56bfc062723c751e8b465ee728b)
Start importing Assets/LowPolyDungeonsLite/Models/Candle_01.fbx using Guid(0e94f8f9621dc254ca920f620b8e454e) Importer(815301076,1909f56bfc062723c751e8b465ee728b)  -> (artifact id: '457c7a0ed200f019aad1ffd77a398073') in 0.062671 seconds
  Import took 0.082406 seconds .

========================================================================
Received Import Request.
  Time since last request: 0.000794 seconds.
  path: Assets/LowPolyDungeonsLite/Prefabs/Box_02.prefab
  artifactKey: Guid(e37d55d9adae8724c9dcf1dff5b67578) Importer(815301076,1909f56bfc062723c751e8b465ee728b)
Start importing Assets/LowPolyDungeonsLite/Prefabs/Box_02.prefab using Guid(e37d55d9adae8724c9dcf1dff5b67578) Importer(815301076,1909f56bfc062723c751e8b465ee728b)  -> (artifact id: '6480bea78f57a8f42d5f4b2eb07eeed5') in 0.052514 seconds
  Import took 0.069238 seconds .

========================================================================
Received Import Request.
  Time since last request: 0.000806 seconds.
  path: Assets/LowPolyDungeonsLite/Prefabs/Book_09.prefab
  artifactKey: Guid(92d4430c1aabefa4691079bac409cbf9) Importer(815301076,1909f56bfc062723c751e8b465ee728b)
Start importing Assets/LowPolyDungeonsLite/Prefabs/Book_09.prefab using Guid(92d4430c1aabefa4691079bac409cbf9) Importer(815301076,1909f56bfc062723c751e8b465ee728b)  -> (artifact id: '9a513f43d5853e0764f17e6cb7ec33e6') in 0.056271 seconds
  Import took 0.072770 seconds .

========================================================================
Received Import Request.
  Time since last request: 0.000793 seconds.
  path: Assets/LowPolyDungeonsLite/Models/WallDecor_05.fbx
  artifactKey: Guid(cde161403e4daa841897213ea28384a5) Importer(815301076,1909f56bfc062723c751e8b465ee728b)
Start importing Assets/LowPolyDungeonsLite/Models/WallDecor_05.fbx using Guid(cde161403e4daa841897213ea28384a5) Importer(815301076,1909f56bfc062723c751e8b465ee728b)  -> (artifact id: 'db2ca8614379fbfc9ab951fdc97b8a4f') in 0.062444 seconds
  Import took 0.078195 seconds .

========================================================================
Received Import Request.
  Time since last request: 0.000766 seconds.
  path: Assets/LowPolyDungeonsLite/Models/Wall_27.fbx
  artifactKey: Guid(657987f19f0767d4f81541198f8e3eff) Importer(815301076,1909f56bfc062723c751e8b465ee728b)
Start importing Assets/LowPolyDungeonsLite/Models/Wall_27.fbx using Guid(657987f19f0767d4f81541198f8e3eff) Importer(815301076,1909f56bfc062723c751e8b465ee728b)  -> (artifact id: '89ffc92bc2285064be622f0ba122382d') in 0.078478 seconds
  Import took 0.098173 seconds .

========================================================================
Received Import Request.
  Time since last request: 0.000836 seconds.
  path: Assets/LowPolyDungeonsLite/Models/Ground_03.fbx
  artifactKey: Guid(9cf4216d74f9e92458acdc136e73dd07) Importer(815301076,1909f56bfc062723c751e8b465ee728b)
Start importing Assets/LowPolyDungeonsLite/Models/Ground_03.fbx using Guid(9cf4216d74f9e92458acdc136e73dd07) Importer(815301076,1909f56bfc062723c751e8b465ee728b)  -> (artifact id: '3cb75a217390032e29bb69c8067dce66') in 0.064540 seconds
  Import took 0.082721 seconds .

========================================================================
Received Import Request.
  Time since last request: 0.000754 seconds.
  path: Assets/LowPolyDungeonsLite/Prefabs/Column_01.prefab
  artifactKey: Guid(2f3f7d4927009b84583c02fcbc509217) Importer(815301076,1909f56bfc062723c751e8b465ee728b)
Start importing Assets/LowPolyDungeonsLite/Prefabs/Column_01.prefab using Guid(2f3f7d4927009b84583c02fcbc509217) Importer(815301076,1909f56bfc062723c751e8b465ee728b)  -> (artifact id: '55c59754185d78d01098553365a62c89') in 0.065068 seconds
  Import took 0.083666 seconds .

========================================================================
Received Import Request.
  Time since last request: 0.000691 seconds.
  path: Assets/LowPolyDungeonsLite/Prefabs/Jug_02.prefab
  artifactKey: Guid(44b00c7db33473946ad48053b41e081f) Importer(815301076,1909f56bfc062723c751e8b465ee728b)
Start importing Assets/LowPolyDungeonsLite/Prefabs/Jug_02.prefab using Guid(44b00c7db33473946ad48053b41e081f) Importer(815301076,1909f56bfc062723c751e8b465ee728b)  -> (artifact id: '753b428afa5743c9c33b8d91581a24eb') in 0.059258 seconds
  Import took 0.078063 seconds .

========================================================================
Received Import Request.
  Time since last request: 0.000671 seconds.
  path: Assets/LowPolyDungeonsLite/Textures/LowPolyDungeonsLite_Texture_01.png
  artifactKey: Guid(3368dcc05b2e368459930672ab30f04b) Importer(815301076,1909f56bfc062723c751e8b465ee728b)
Start importing Assets/LowPolyDungeonsLite/Textures/LowPolyDungeonsLite_Texture_01.png using Guid(3368dcc05b2e368459930672ab30f04b) Importer(815301076,1909f56bfc062723c751e8b465ee728b)  -> (artifact id: '842b37a222b4e094105ffabc694e9bfc') in 0.074079 seconds
  Import took 0.089771 seconds .

========================================================================
Received Import Request.
  Time since last request: 0.001053 seconds.
  path: Assets/LowPolyDungeonsLite/Prefabs/Ground_01.prefab
  artifactKey: Guid(98f5378049f9b5745a77677f581b32b1) Importer(815301076,1909f56bfc062723c751e8b465ee728b)
Start importing Assets/LowPolyDungeonsLite/Prefabs/Ground_01.prefab using Guid(98f5378049f9b5745a77677f581b32b1) Importer(815301076,1909f56bfc062723c751e8b465ee728b)  -> (artifact id: '1885289e5703ecfd00ab47dc736869be') in 0.048476 seconds
  Import took 0.065168 seconds .

========================================================================
Received Import Request.
  Time since last request: 0.000720 seconds.
  path: Assets/LowPolyDungeonsLite/Models/Table_01.fbx
  artifactKey: Guid(d6d2f7aefe8e8cb4aac4725d78e70fde) Importer(815301076,1909f56bfc062723c751e8b465ee728b)
Start importing Assets/LowPolyDungeonsLite/Models/Table_01.fbx using Guid(d6d2f7aefe8e8cb4aac4725d78e70fde) Importer(815301076,1909f56bfc062723c751e8b465ee728b)  -> (artifact id: '55c756dc6102365ee3b0333bdab84dd2') in 0.069399 seconds
  Import took 0.090341 seconds .

========================================================================
Received Import Request.
  Time since last request: 0.000732 seconds.
  path: Assets/LowPolyDungeonsLite/Models/Wood_02.fbx
  artifactKey: Guid(e8f98bd8e8aa901469815fc68e3094aa) Importer(815301076,1909f56bfc062723c751e8b465ee728b)
Start importing Assets/LowPolyDungeonsLite/Models/Wood_02.fbx using Guid(e8f98bd8e8aa901469815fc68e3094aa) Importer(815301076,1909f56bfc062723c751e8b465ee728b)  -> (artifact id: '79953c7417ca3082b1016410ddf16296') in 0.059695 seconds
  Import took 0.078356 seconds .

========================================================================
Received Import Request.
  Time since last request: 0.002422 seconds.
  path: Assets/LowPolyDungeonsLite/Models/Chair_05.fbx
  artifactKey: Guid(d51ff80ee7d069542b138da061286520) Importer(815301076,1909f56bfc062723c751e8b465ee728b)
Start importing Assets/LowPolyDungeonsLite/Models/Chair_05.fbx using Guid(d51ff80ee7d069542b138da061286520) Importer(815301076,1909f56bfc062723c751e8b465ee728b)  -> (artifact id: 'c39681dd30d3a9826e8ee5ce44a59d5d') in 0.049189 seconds
  Import took 0.063914 seconds .

========================================================================
Received Import Request.
  Time since last request: 0.000523 seconds.
  path: Assets/LowPolyDungeonsLite/Models/Column_01.fbx
  artifactKey: Guid(1bff7d79ae1b141448f2db1e49eb3c81) Importer(815301076,1909f56bfc062723c751e8b465ee728b)
Start importing Assets/LowPolyDungeonsLite/Models/Column_01.fbx using Guid(1bff7d79ae1b141448f2db1e49eb3c81) Importer(815301076,1909f56bfc062723c751e8b465ee728b)  -> (artifact id: '3877fb47046e78712db1f9840b7357ba') in 0.025156 seconds
  Import took 0.034189 seconds .

========================================================================
Received Import Request.
  Time since last request: 0.000382 seconds.
  path: Assets/LowPolyDungeonsLite/Prefabs/Wall_27.prefab
  artifactKey: Guid(2f6c4572e07a60b43b00e1c4f489a806) Importer(815301076,1909f56bfc062723c751e8b465ee728b)
Start importing Assets/LowPolyDungeonsLite/Prefabs/Wall_27.prefab using Guid(2f6c4572e07a60b43b00e1c4f489a806) Importer(815301076,1909f56bfc062723c751e8b465ee728b)  -> (artifact id: 'bb96aa6445008f7f5f74c7b4dcb582b0') in 0.023500 seconds
  Import took 0.033682 seconds .

========================================================================
Received Import Request.
  Time since last request: 0.000430 seconds.
  path: Assets/LowPolyDungeonsLite/Models/Rock_01.fbx
  artifactKey: Guid(35b57be42e294d546baff933e1fef874) Importer(815301076,1909f56bfc062723c751e8b465ee728b)
Start importing Assets/LowPolyDungeonsLite/Models/Rock_01.fbx using Guid(35b57be42e294d546baff933e1fef874) Importer(815301076,1909f56bfc062723c751e8b465ee728b)  -> (artifact id: '52631b547b2e94835dffbd62ccec276c') in 0.031424 seconds
  Import took 0.040652 seconds .

========================================================================
Received Import Request.
  Time since last request: 0.000380 seconds.
  path: Assets/LowPolyDungeonsLite/Prefabs/Mud_04.prefab
  artifactKey: Guid(9d96437b1954fd74c84a5e1999bb2cb1) Importer(815301076,1909f56bfc062723c751e8b465ee728b)
Start importing Assets/LowPolyDungeonsLite/Prefabs/Mud_04.prefab using Guid(9d96437b1954fd74c84a5e1999bb2cb1) Importer(815301076,1909f56bfc062723c751e8b465ee728b)  -> (artifact id: 'ec6314bd5749b376a1abf0c974ce3021') in 0.027226 seconds
  Import took 0.035173 seconds .

========================================================================
Received Import Request.
  Time since last request: 0.000531 seconds.
  path: Assets/LowPolyDungeonsLite/Materials/LowPolyDungeonsLite_Light.mat
  artifactKey: Guid(2f12fcec4b3dcc0489472b3a9cfa44c1) Importer(815301076,1909f56bfc062723c751e8b465ee728b)
Start importing Assets/LowPolyDungeonsLite/Materials/LowPolyDungeonsLite_Light.mat using Guid(2f12fcec4b3dcc0489472b3a9cfa44c1) Importer(815301076,1909f56bfc062723c751e8b465ee728b)  -> (artifact id: '768b220ffe70287e8f7dc67254765472') in 0.026334 seconds
  Import took 0.035028 seconds .

========================================================================
Received Import Request.
  Time since last request: 0.000332 seconds.
  path: Assets/LowPolyDungeonsLite/Prefabs/Rock_01.prefab
  artifactKey: Guid(cfb04594231799d4092ee0064447ce94) Importer(815301076,1909f56bfc062723c751e8b465ee728b)
Start importing Assets/LowPolyDungeonsLite/Prefabs/Rock_01.prefab using Guid(cfb04594231799d4092ee0064447ce94) Importer(815301076,1909f56bfc062723c751e8b465ee728b)  -> (artifact id: '226b0755aa6cb96376b0b457d47cf2a0') in 0.020977 seconds
  Import took 0.029240 seconds .

========================================================================
Received Import Request.
  Time since last request: 0.000365 seconds.
  path: Assets/LowPolyDungeonsLite/Models/Jug_02.fbx
  artifactKey: Guid(ddaa7d6b7ae32864ebb3dc8ba1c6dd83) Importer(815301076,1909f56bfc062723c751e8b465ee728b)
Start importing Assets/LowPolyDungeonsLite/Models/Jug_02.fbx using Guid(ddaa7d6b7ae32864ebb3dc8ba1c6dd83) Importer(815301076,1909f56bfc062723c751e8b465ee728b)  -> (artifact id: '9ba2f2e6a832666596e15007fd47b605') in 0.024705 seconds
  Import took 0.031414 seconds .

========================================================================
Received Import Request.
  Time since last request: 0.000423 seconds.
  path: Assets/LowPolyDungeonsLite/Prefabs/Table_01.prefab
  artifactKey: Guid(c65426a375c90574a95eaaf4840e9481) Importer(815301076,1909f56bfc062723c751e8b465ee728b)
Start importing Assets/LowPolyDungeonsLite/Prefabs/Table_01.prefab using Guid(c65426a375c90574a95eaaf4840e9481) Importer(815301076,1909f56bfc062723c751e8b465ee728b)  -> (artifact id: '37bb72568a3baf8391a2a76ea755434e') in 0.020495 seconds
  Import took 0.027243 seconds .

========================================================================
Received Import Request.
  Time since last request: 0.000356 seconds.
  path: Assets/LowPolyDungeonsLite/Prefabs/Chair_05.prefab
  artifactKey: Guid(3c94a574020d3de429d0c295b3a83db4) Importer(815301076,1909f56bfc062723c751e8b465ee728b)
Start importing Assets/LowPolyDungeonsLite/Prefabs/Chair_05.prefab using Guid(3c94a574020d3de429d0c295b3a83db4) Importer(815301076,1909f56bfc062723c751e8b465ee728b)  -> (artifact id: '81f71b873de8210c573d68ed2991e991') in 0.021906 seconds
  Import took 0.028917 seconds .

========================================================================
Received Import Request.
  Time since last request: 0.000343 seconds.
  path: Assets/LowPolyDungeonsLite/Models/Light_08.fbx
  artifactKey: Guid(a572b7e4c3d8eb446823b4269e41cb5d) Importer(815301076,1909f56bfc062723c751e8b465ee728b)
Start importing Assets/LowPolyDungeonsLite/Models/Light_08.fbx using Guid(a572b7e4c3d8eb446823b4269e41cb5d) Importer(815301076,1909f56bfc062723c751e8b465ee728b)  -> (artifact id: '293ed8260e45a8963e48a6f90677431e') in 0.028530 seconds
  Import took 0.035507 seconds .

========================================================================
Received Import Request.
  Time since last request: 4.279405 seconds.
  path: Assets/Zombie/PantsALpha1.png
  artifactKey: Guid(99d05c1d2e2e2894b8e5b0c896fe9158) Importer(815301076,1909f56bfc062723c751e8b465ee728b)
Start importing Assets/Zombie/PantsALpha1.png using Guid(99d05c1d2e2e2894b8e5b0c896fe9158) Importer(815301076,1909f56bfc062723c751e8b465ee728b)  -> (artifact id: '088c151e03df6d2b00f9282edb2ae6bb') in 0.053961 seconds
  Import took 0.071626 seconds .

========================================================================
Received Import Request.
  Time since last request: 0.000802 seconds.
  path: Assets/Zombie/ZombieHQ_material4_Normal.png
  artifactKey: Guid(695a1ea4055ea724a9fe6f586b6f8b8f) Importer(815301076,1909f56bfc062723c751e8b465ee728b)
Start importing Assets/Zombie/ZombieHQ_material4_Normal.png using Guid(695a1ea4055ea724a9fe6f586b6f8b8f) Importer(815301076,1909f56bfc062723c751e8b465ee728b)  -> (artifact id: 'c3ce884660fe3b3e86e8301ddfe356d4') in 0.052489 seconds
  Import took 0.067305 seconds .

========================================================================
Received Import Request.
  Time since last request: 0.000713 seconds.
  path: Assets/Zombie/ZombieHQ_material5_SpecularSmoothness.png
  artifactKey: Guid(e402fb688ec666544a7ef9df891ecce3) Importer(815301076,1909f56bfc062723c751e8b465ee728b)
Start importing Assets/Zombie/ZombieHQ_material5_SpecularSmoothness.png using Guid(e402fb688ec666544a7ef9df891ecce3) Importer(815301076,1909f56bfc062723c751e8b465ee728b)  -> (artifact id: '704f000c30024b7c0acd00200ac777ae') in 0.051644 seconds
  Import took 0.066765 seconds .

========================================================================
Received Import Request.
  Time since last request: 0.000690 seconds.
  path: Assets/Zombie/ZombieHQ_material3_Normal.png
  artifactKey: Guid(e0bf1fec1bff6014f974eb150ea88a9c) Importer(815301076,1909f56bfc062723c751e8b465ee728b)
Start importing Assets/Zombie/ZombieHQ_material3_Normal.png using Guid(e0bf1fec1bff6014f974eb150ea88a9c) Importer(815301076,1909f56bfc062723c751e8b465ee728b)  -> (artifact id: 'e7f09ee71c113c6cda4e2122fc71cab1') in 1.110845 seconds
  Import took 1.126473 seconds .

========================================================================
Received Import Request.
  Time since last request: 0.000791 seconds.
  path: Assets/Zombie/ZombieHQ_material4_SpecularSmoothness.png
  artifactKey: Guid(93d91a99518976e46972d16af5434ebf) Importer(815301076,1909f56bfc062723c751e8b465ee728b)
Start importing Assets/Zombie/ZombieHQ_material4_SpecularSmoothness.png using Guid(93d91a99518976e46972d16af5434ebf) Importer(815301076,1909f56bfc062723c751e8b465ee728b)  -> (artifact id: 'abfdc686e4236e4f5bb2699dd71803d6') in 0.055977 seconds
  Import took 0.074166 seconds .

========================================================================
Received Import Request.
  Time since last request: 0.000531 seconds.
  path: Assets/Zombie/ZombieHQ_material_SpecularSmoothness.png
  artifactKey: Guid(7606e79301f96b94283724c98af12b95) Importer(815301076,1909f56bfc062723c751e8b465ee728b)
Start importing Assets/Zombie/ZombieHQ_material_SpecularSmoothness.png using Guid(7606e79301f96b94283724c98af12b95) Importer(815301076,1909f56bfc062723c751e8b465ee728b)  -> (artifact id: '1edb3b104b633effafda027ffebd4245') in 0.032280 seconds
  Import took 0.044871 seconds .

========================================================================
Received Import Request.
  Time since last request: 0.000518 seconds.
  path: Assets/Zombie/ZombieHQ_material1_Normal.png
  artifactKey: Guid(3c364b9e825bbdf4fae1af569d4625c9) Importer(815301076,1909f56bfc062723c751e8b465ee728b)
Start importing Assets/Zombie/ZombieHQ_material1_Normal.png using Guid(3c364b9e825bbdf4fae1af569d4625c9) Importer(815301076,1909f56bfc062723c751e8b465ee728b)  -> (artifact id: '675a110ce2f2e7c4f7a9cb30996147a3') in 0.035448 seconds
  Import took 0.044719 seconds .

========================================================================
Received Import Request.
  Time since last request: 0.000536 seconds.
  path: Assets/Zombie/ZombieHQ_material2_SpecularSmoothness.png
  artifactKey: Guid(e863a9f88e0d66340a36588dc183895c) Importer(815301076,1909f56bfc062723c751e8b465ee728b)
Start importing Assets/Zombie/ZombieHQ_material2_SpecularSmoothness.png using Guid(e863a9f88e0d66340a36588dc183895c) Importer(815301076,1909f56bfc062723c751e8b465ee728b)  -> (artifact id: '134a91794ef3997633d45d723d9044ad') in 0.032366 seconds
  Import took 0.042329 seconds .

========================================================================
Received Import Request.
  Time since last request: 0.000494 seconds.
  path: Assets/Zombie/ZombieRig.fbx
  artifactKey: Guid(abfe6fc5a9b390a488839c1fc3b58dcd) Importer(815301076,1909f56bfc062723c751e8b465ee728b)
Start importing Assets/Zombie/ZombieRig.fbx using Guid(abfe6fc5a9b390a488839c1fc3b58dcd) Importer(815301076,1909f56bfc062723c751e8b465ee728b)  -> (artifact id: 'c87d578f2560b9da2830553122426af9') in 8.338435 seconds
  Import took 8.353241 seconds .

========================================================================
Received Import Request.
  Time since last request: 0.000749 seconds.
  path: Assets/Zombie/Materials/ZombieHQ_material4_Albedo.mat
  artifactKey: Guid(7fb5b7b4daec2254baa1da46b77a079d) Importer(815301076,1909f56bfc062723c751e8b465ee728b)
Start importing Assets/Zombie/Materials/ZombieHQ_material4_Albedo.mat using Guid(7fb5b7b4daec2254baa1da46b77a079d) Importer(815301076,1909f56bfc062723c751e8b465ee728b)  -> (artifact id: '8fde68f8c8c4db3703a973a2dc7a700c') in 0.072839 seconds
  Import took 0.087738 seconds .

========================================================================
Received Import Request.
  Time since last request: 0.000740 seconds.
  path: Assets/Zombie/Materials/RetopoPantsUV_TXTR.mat
  artifactKey: Guid(69f7719c2bd8a6540bb130ebffc99fcd) Importer(815301076,1909f56bfc062723c751e8b465ee728b)
Start importing Assets/Zombie/Materials/RetopoPantsUV_TXTR.mat using Guid(69f7719c2bd8a6540bb130ebffc99fcd) Importer(815301076,1909f56bfc062723c751e8b465ee728b)  -> (artifact id: '0296157ab89962573809218f26a44f84') in 0.058152 seconds
  Import took 0.075953 seconds .

========================================================================
Received Import Request.
  Time since last request: 0.000748 seconds.
  path: Assets/Zombie/Materials/material.002.mat
  artifactKey: Guid(cea1ddb23a509a744b1e84cdbe208b1b) Importer(815301076,1909f56bfc062723c751e8b465ee728b)
Start importing Assets/Zombie/Materials/material.002.mat using Guid(cea1ddb23a509a744b1e84cdbe208b1b) Importer(815301076,1909f56bfc062723c751e8b465ee728b)  -> (artifact id: '9cb58e43be48519ed6c5beb69037bac8') in 0.046602 seconds
  Import took 0.063346 seconds .

========================================================================
Received Import Request.
  Time since last request: 0.000739 seconds.
  path: Assets/Zombie/Materials/ZombieHQ_material_AlbedoTransparency.mat
  artifactKey: Guid(11deda9a2ce04bf47a65f12b3fe4f41a) Importer(815301076,1909f56bfc062723c751e8b465ee728b)
Start importing Assets/Zombie/Materials/ZombieHQ_material_AlbedoTransparency.mat using Guid(11deda9a2ce04bf47a65f12b3fe4f41a) Importer(815301076,1909f56bfc062723c751e8b465ee728b)  -> (artifact id: '37c695da08e94af35d2379943528bb49') in 0.067971 seconds
  Import took 0.085748 seconds .

========================================================================
Received Import Request.
  Time since last request: 0.000751 seconds.
  path: Assets/Zombie/ZombieHQ_material1_SpecularSmoothness.png
  artifactKey: Guid(7162887a63702284c8edbf5fb6453dc1) Importer(815301076,1909f56bfc062723c751e8b465ee728b)
Start importing Assets/Zombie/ZombieHQ_material1_SpecularSmoothness.png using Guid(7162887a63702284c8edbf5fb6453dc1) Importer(815301076,1909f56bfc062723c751e8b465ee728b)  -> (artifact id: '769c81660ad6be466ac0a55a476de334') in 0.044369 seconds
  Import took 0.066346 seconds .

========================================================================
Received Import Request.
  Time since last request: 0.000691 seconds.
  path: Assets/Zombie/ZombieHQ_material_Normal.png
  artifactKey: Guid(ea6af3ca700f73e4e889b63e1f03e2fd) Importer(815301076,1909f56bfc062723c751e8b465ee728b)
Start importing Assets/Zombie/ZombieHQ_material_Normal.png using Guid(ea6af3ca700f73e4e889b63e1f03e2fd) Importer(815301076,1909f56bfc062723c751e8b465ee728b)  -> (artifact id: 'bf95c4049e226ca81715fc3809fa0324') in 0.052247 seconds
  Import took 0.070620 seconds .

========================================================================
Received Import Request.
  Time since last request: 0.000823 seconds.
  path: Assets/Zombie/Materials/material.005.mat
  artifactKey: Guid(5c58162bb014ebb4a9c8f7de54db385b) Importer(815301076,1909f56bfc062723c751e8b465ee728b)
Start importing Assets/Zombie/Materials/material.005.mat using Guid(5c58162bb014ebb4a9c8f7de54db385b) Importer(815301076,1909f56bfc062723c751e8b465ee728b)  -> (artifact id: '2a28c61e3865b3394bd5e96198ac0270') in 0.063779 seconds
  Import took 0.078506 seconds .

========================================================================
Received Import Request.
  Time since last request: 0.000723 seconds.
  path: Assets/Zombie/Materials/ZombieHQ_material5_AlbedoTransparency.mat
  artifactKey: Guid(8037d301b260d214fbea59e83e088904) Importer(815301076,1909f56bfc062723c751e8b465ee728b)
Start importing Assets/Zombie/Materials/ZombieHQ_material5_AlbedoTransparency.mat using Guid(8037d301b260d214fbea59e83e088904) Importer(815301076,1909f56bfc062723c751e8b465ee728b)  -> (artifact id: '95eb7b921a66dcee2b0cf8f6a752aa37') in 0.065374 seconds
  Import took 0.082708 seconds .

========================================================================
Received Import Request.
  Time since last request: 0.000727 seconds.
  path: Assets/Zombie/Materials/material.003.mat
  artifactKey: Guid(d56403f38c9dac8488e18148e65a9df1) Importer(815301076,1909f56bfc062723c751e8b465ee728b)
Start importing Assets/Zombie/Materials/material.003.mat using Guid(d56403f38c9dac8488e18148e65a9df1) Importer(815301076,1909f56bfc062723c751e8b465ee728b)  -> (artifact id: 'f05a0385f5d8e6acaa7f8289b86e4e34') in 0.056921 seconds
  Import took 0.072125 seconds .

========================================================================
Received Import Request.
  Time since last request: 0.000699 seconds.
  path: Assets/Zombie/ZombieHQ_material2_Normal.png
  artifactKey: Guid(dc2f72bdfc98cd84aad52cfaa078767b) Importer(815301076,1909f56bfc062723c751e8b465ee728b)
Start importing Assets/Zombie/ZombieHQ_material2_Normal.png using Guid(dc2f72bdfc98cd84aad52cfaa078767b) Importer(815301076,1909f56bfc062723c751e8b465ee728b)  -> (artifact id: 'ea278bec9a4147406380cd5de028d9b4') in 0.048553 seconds
  Import took 0.064244 seconds .

========================================================================
Received Import Request.
  Time since last request: 0.000685 seconds.
  path: Assets/Zombie/ZombieHQ_material4_Ambient.png
  artifactKey: Guid(c69d72f6d7d8ce441bf3c62474f67ee0) Importer(815301076,1909f56bfc062723c751e8b465ee728b)
Start importing Assets/Zombie/ZombieHQ_material4_Ambient.png using Guid(c69d72f6d7d8ce441bf3c62474f67ee0) Importer(815301076,1909f56bfc062723c751e8b465ee728b)  -> (artifact id: 'b146d17fdd46b4254a2bc82199d9c4fb') in 0.051851 seconds
  Import took 0.069211 seconds .

========================================================================
Received Import Request.
  Time since last request: 0.000643 seconds.
  path: Assets/Zombie/Materials/material.mat
  artifactKey: Guid(1d124de7692a06d4891fbe5914ca0975) Importer(815301076,1909f56bfc062723c751e8b465ee728b)
Start importing Assets/Zombie/Materials/material.mat using Guid(1d124de7692a06d4891fbe5914ca0975) Importer(815301076,1909f56bfc062723c751e8b465ee728b)  -> (artifact id: '1623d6ea8bcafff96ca92a92c973f809') in 0.044707 seconds
  Import took 0.060552 seconds .

========================================================================
Received Import Request.
  Time since last request: 0.000749 seconds.
  path: Assets/Zombie/ZombieHQ_material3_AlbedoTransparency.png
  artifactKey: Guid(0681959c5e335c04693f0b935262bd8b) Importer(815301076,1909f56bfc062723c751e8b465ee728b)
Start importing Assets/Zombie/ZombieHQ_material3_AlbedoTransparency.png using Guid(0681959c5e335c04693f0b935262bd8b) Importer(815301076,1909f56bfc062723c751e8b465ee728b)  -> (artifact id: 'f96cbca3a94aba253f104cf19ab26045') in 0.048910 seconds
  Import took 0.065652 seconds .

========================================================================
Received Import Request.
  Time since last request: 0.000877 seconds.
  path: Assets/Zombie/ZombieRig.prefab
  artifactKey: Guid(016e7bf62a334b6408f97e97b5e49ec7) Importer(815301076,1909f56bfc062723c751e8b465ee728b)
Start importing Assets/Zombie/ZombieRig.prefab using Guid(016e7bf62a334b6408f97e97b5e49ec7) Importer(815301076,1909f56bfc062723c751e8b465ee728b)  -> (artifact id: '3185f6f9fd35daa73a90df5e9d40483e') in 0.145759 seconds
  Import took 0.165000 seconds .

========================================================================
Received Import Request.
  Time since last request: 0.000798 seconds.
  path: Assets/Zombie/ZombieHQ_material4_Albedo.png
  artifactKey: Guid(5f60206366258a44283d339cfc86fe36) Importer(815301076,1909f56bfc062723c751e8b465ee728b)
Start importing Assets/Zombie/ZombieHQ_material4_Albedo.png using Guid(5f60206366258a44283d339cfc86fe36) Importer(815301076,1909f56bfc062723c751e8b465ee728b)  -> (artifact id: 'fe3d691fdaea0a57dc0db6e71a9bf336') in 0.038933 seconds
  Import took 0.055493 seconds .

========================================================================
Received Import Request.
  Time since last request: 0.000682 seconds.
  path: Assets/Zombie/ZombieHQ_material_AlbedoTransparency.png
  artifactKey: Guid(151ae436a1d801e4899d48bfb5a51b66) Importer(815301076,1909f56bfc062723c751e8b465ee728b)
Start importing Assets/Zombie/ZombieHQ_material_AlbedoTransparency.png using Guid(151ae436a1d801e4899d48bfb5a51b66) Importer(815301076,1909f56bfc062723c751e8b465ee728b)  -> (artifact id: 'e8cd2d73b1d2c6068ff9aab887de8319') in 0.051372 seconds
  Import took 0.065591 seconds .

========================================================================
Received Import Request.
  Time since last request: 0.000751 seconds.
  path: Assets/Zombie/Materials/material.001.mat
  artifactKey: Guid(4f7dd35b97b0ca8498b0839be5ef4ca6) Importer(815301076,1909f56bfc062723c751e8b465ee728b)
Start importing Assets/Zombie/Materials/material.001.mat using Guid(4f7dd35b97b0ca8498b0839be5ef4ca6) Importer(815301076,1909f56bfc062723c751e8b465ee728b)  -> (artifact id: '95528fbd3ca67569c5a3c36104629630') in 0.056405 seconds
  Import took 0.073836 seconds .

========================================================================
Received Import Request.
  Time since last request: 0.000899 seconds.
  path: Assets/Zombie/ZombieHQ_material4_AlbedoTransparency.png
  artifactKey: Guid(128ba07b003881744906ecaf500ffda0) Importer(815301076,1909f56bfc062723c751e8b465ee728b)
Start importing Assets/Zombie/ZombieHQ_material4_AlbedoTransparency.png using Guid(128ba07b003881744906ecaf500ffda0) Importer(815301076,1909f56bfc062723c751e8b465ee728b)  -> (artifact id: '15f07736e9e974950cf1475f78f4b2b1') in 0.052114 seconds
  Import took 0.066953 seconds .

========================================================================
Received Import Request.
  Time since last request: 0.000675 seconds.
  path: Assets/Zombie/ZombieHQ_material5_AlbedoTransparency.png
  artifactKey: Guid(998b2830dc23b0a4ca3c2222f3189e5a) Importer(815301076,1909f56bfc062723c751e8b465ee728b)
Start importing Assets/Zombie/ZombieHQ_material5_AlbedoTransparency.png using Guid(998b2830dc23b0a4ca3c2222f3189e5a) Importer(815301076,1909f56bfc062723c751e8b465ee728b)  -> (artifact id: '0b758964ae09057b18631f62daebc942') in 0.037624 seconds
  Import took 0.052587 seconds .

========================================================================
Received Import Request.
  Time since last request: 0.000684 seconds.
  path: Assets/Zombie/ZombieHQ_material3_SpecularSmoothness.png
  artifactKey: Guid(620a5d36ab23ed4469b5dd0130cc476b) Importer(815301076,1909f56bfc062723c751e8b465ee728b)
Start importing Assets/Zombie/ZombieHQ_material3_SpecularSmoothness.png using Guid(620a5d36ab23ed4469b5dd0130cc476b) Importer(815301076,1909f56bfc062723c751e8b465ee728b)  -> (artifact id: '7670ae76aba49bda0f01d2d0f2f4122b') in 0.042469 seconds
  Import took 0.061097 seconds .

========================================================================
Received Import Request.
  Time since last request: 0.000784 seconds.
  path: Assets/Zombie/ZombieHQ_material2_AlbedoTransparency.png
  artifactKey: Guid(6e9609c6db0464d4a8bd422bf2fcfa67) Importer(815301076,1909f56bfc062723c751e8b465ee728b)
Start importing Assets/Zombie/ZombieHQ_material2_AlbedoTransparency.png using Guid(6e9609c6db0464d4a8bd422bf2fcfa67) Importer(815301076,1909f56bfc062723c751e8b465ee728b)  -> (artifact id: '074f8301a1bf7cff30afb5cac952bb9c') in 0.053221 seconds
  Import took 0.071150 seconds .

========================================================================
Received Import Request.
  Time since last request: 0.000678 seconds.
  path: Assets/Zombie/ZombieHQ_material5_Ambient.png
  artifactKey: Guid(eb70aaf60ac05cc46bc17a6c29fa9c16) Importer(815301076,1909f56bfc062723c751e8b465ee728b)
Start importing Assets/Zombie/ZombieHQ_material5_Ambient.png using Guid(eb70aaf60ac05cc46bc17a6c29fa9c16) Importer(815301076,1909f56bfc062723c751e8b465ee728b)  -> (artifact id: '4361d2f0a7cd8dd5cc2847cbd574543a') in 0.048147 seconds
  Import took 0.066063 seconds .

========================================================================
Received Import Request.
  Time since last request: 0.000718 seconds.
  path: Assets/Zombie/ZombieHQ_material3_Ambient.png
  artifactKey: Guid(db7bc194c1a8ce549bee814c383f4c9a) Importer(815301076,1909f56bfc062723c751e8b465ee728b)
Start importing Assets/Zombie/ZombieHQ_material3_Ambient.png using Guid(db7bc194c1a8ce549bee814c383f4c9a) Importer(815301076,1909f56bfc062723c751e8b465ee728b)  -> (artifact id: '2082629bc01ca89bd196c69df48cb9c4') in 0.049486 seconds
  Import took 0.064047 seconds .

========================================================================
Received Import Request.
  Time since last request: 0.000741 seconds.
  path: Assets/Zombie/ZombieHQ_material5_Normal.png
  artifactKey: Guid(ebb0326825875774bb968bcb321a4450) Importer(815301076,1909f56bfc062723c751e8b465ee728b)
Start importing Assets/Zombie/ZombieHQ_material5_Normal.png using Guid(ebb0326825875774bb968bcb321a4450) Importer(815301076,1909f56bfc062723c751e8b465ee728b)  -> (artifact id: '735913a3f58452a84d2e64b96d2e132f') in 0.046454 seconds
  Import took 0.061669 seconds .

========================================================================
Received Import Request.
  Time since last request: 0.000733 seconds.
  path: Assets/Zombie/ZombieHQ_material2_Ambient.png
  artifactKey: Guid(a758fcce7530d564b9a37bab98695a4f) Importer(815301076,1909f56bfc062723c751e8b465ee728b)
Start importing Assets/Zombie/ZombieHQ_material2_Ambient.png using Guid(a758fcce7530d564b9a37bab98695a4f) Importer(815301076,1909f56bfc062723c751e8b465ee728b)  -> (artifact id: '3e8a84a371a4c2cda5087a3ba38be7be') in 0.049185 seconds
  Import took 0.064154 seconds .

========================================================================
Received Prepare
Registering precompiled user dll's ...
Registered in 0.005122 seconds.
Begin MonoManager ReloadAssembly
Native extension for WindowsStandalone target not found
Refreshing native plugins compatible for Editor in 1.00 ms, found 1 plugins.
Preloading 0 native plugins for Editor in 0.00 ms.
Invoked RoslynAnalysisRunner static constructor.
RoslynAnalysisRunner will not be running.
RoslynAnalysisRunner has terminated.
Mono: successfully reloaded assembly
- Completed reload, in  1.739 seconds
Platform modules already initialized, skipping
Refreshing native plugins compatible for Editor in 1.60 ms, found 1 plugins.
Preloading 0 native plugins for Editor in 0.00 ms.
Unloading 2672 Unused Serialized files (Serialized files now loaded: 0)
System memory in use before: 114.5 MB.
System memory in use after: 114.7 MB.

Unloading 10 unused Assets to reduce memory usage. Loaded Objects now: 3168.
Total: 3.584500 ms (FindLiveObjects: 0.414700 ms CreateObjectMapping: 0.274700 ms MarkObjects: 2.790300 ms  DeleteObjects: 0.102300 ms)

========================================================================
Received Prepare
Registering precompiled user dll's ...
Registered in 0.005733 seconds.
Begin MonoManager ReloadAssembly
Native extension for WindowsStandalone target not found
Refreshing native plugins compatible for Editor in 0.73 ms, found 1 plugins.
Preloading 0 native plugins for Editor in 0.00 ms.
Invoked RoslynAnalysisRunner static constructor.
RoslynAnalysisRunner will not be running.
RoslynAnalysisRunner has terminated.
Mono: successfully reloaded assembly
- Completed reload, in  1.113 seconds
Platform modules already initialized, skipping
Refreshing native plugins compatible for Editor in 0.89 ms, found 1 plugins.
Preloading 0 native plugins for Editor in 0.00 ms.
Unloading 2672 Unused Serialized files (Serialized files now loaded: 0)
System memory in use before: 114.5 MB.
System memory in use after: 114.7 MB.

Unloading 9 unused Assets to reduce memory usage. Loaded Objects now: 3171.
Total: 5.368300 ms (FindLiveObjects: 0.511100 ms CreateObjectMapping: 0.361800 ms MarkObjects: 4.446600 ms  DeleteObjects: 0.045500 ms)

========================================================================
Received Prepare
Registering precompiled user dll's ...
Registered in 0.006200 seconds.
Begin MonoManager ReloadAssembly
Native extension for WindowsStandalone target not found
Refreshing native plugins compatible for Editor in 0.66 ms, found 1 plugins.
Preloading 0 native plugins for Editor in 0.00 ms.
Invoked RoslynAnalysisRunner static constructor.
RoslynAnalysisRunner will not be running.
RoslynAnalysisRunner has terminated.
Mono: successfully reloaded assembly
- Completed reload, in  1.252 seconds
Platform modules already initialized, skipping
Refreshing native plugins compatible for Editor in 0.82 ms, found 1 plugins.
Preloading 0 native plugins for Editor in 0.00 ms.
Unloading 2672 Unused Serialized files (Serialized files now loaded: 0)
System memory in use before: 114.5 MB.
System memory in use after: 114.7 MB.

Unloading 9 unused Assets to reduce memory usage. Loaded Objects now: 3174.
Total: 2.928700 ms (FindLiveObjects: 0.448100 ms CreateObjectMapping: 0.197600 ms MarkObjects: 2.255000 ms  DeleteObjects: 0.026300 ms)

========================================================================
Received Import Request.
  Time since last request: 5379.315133 seconds.
  path: Assets/Animation/Hand
  artifactKey: Guid(5f2068289d9145c4ea808e75e2e98a22) Importer(815301076,1909f56bfc062723c751e8b465ee728b)
Start importing Assets/Animation/Hand using Guid(5f2068289d9145c4ea808e75e2e98a22) Importer(815301076,1909f56bfc062723c751e8b465ee728b)  -> (artifact id: '2ef39ad59687c127af199034a8dcdb55') in 0.024233 seconds
  Import took 0.034770 seconds .

========================================================================
Received Import Request.
  Time since last request: 8.559295 seconds.
  path: Assets/Animation/Map
  artifactKey: Guid(55e06544bbdba3b43a961395a4f794bc) Importer(815301076,1909f56bfc062723c751e8b465ee728b)
Start importing Assets/Animation/Map using Guid(55e06544bbdba3b43a961395a4f794bc) Importer(815301076,1909f56bfc062723c751e8b465ee728b)  -> (artifact id: '5a8f3a9db04364ab8845c289bb4887d9') in 0.027631 seconds
  Import took 0.045765 seconds .

========================================================================
Received Import Request.
  Time since last request: 26.521725 seconds.
  path: Assets/Animation/Low Poly FPS Pack - Free (Sample)
  artifactKey: Guid(19ef8ec49b1daa4428de4d161b6d45cd) Importer(815301076,1909f56bfc062723c751e8b465ee728b)
Start importing Assets/Animation/Low Poly FPS Pack - Free (Sample) using Guid(19ef8ec49b1daa4428de4d161b6d45cd) Importer(815301076,1909f56bfc062723c751e8b465ee728b)  -> (artifact id: '866a9f0f1c19a2d07689c1e05cd8c9ac') in 0.025955 seconds
  Import took 0.039577 seconds .

========================================================================
Received Import Request.
  Time since last request: 78.288921 seconds.
  path: Assets/Animation/Low Poly FPS Pack - Free (Sample)/Components
  artifactKey: Guid(070f648d739c3ef4cb46f5be4aa9a7cf) Importer(815301076,1909f56bfc062723c751e8b465ee728b)
Start importing Assets/Animation/Low Poly FPS Pack - Free (Sample)/Components using Guid(070f648d739c3ef4cb46f5be4aa9a7cf) Importer(815301076,1909f56bfc062723c751e8b465ee728b)  -> (artifact id: '391b2070c4c190df621e196261cf4b9e') in 0.032279 seconds
  Import took 0.050506 seconds .

========================================================================
Received Import Request.
  Time since last request: 14.131972 seconds.
  path: Assets/Animation/Zombie/Materials
  artifactKey: Guid(37e60e08c75eae44b93d598a3bb10f05) Importer(815301076,1909f56bfc062723c751e8b465ee728b)
Start importing Assets/Animation/Zombie/Materials using Guid(37e60e08c75eae44b93d598a3bb10f05) Importer(815301076,1909f56bfc062723c751e8b465ee728b)  -> (artifact id: '77b24e3bc69a2ab102432d0cdb45a59a') in 0.028307 seconds
  Import took 0.044199 seconds .

AssetImportWorkerClient::OnTransportError - code=2 error=End of file
